<?xml version="1.0" encoding="UTF-8"?>
<!-- Generated by org.testng.reporters.JUnitReportReporter -->
<testsuite hostname="Amit-z-Predator" failures="0" tests="3" name="ChromeStandAloneTest" time="47.711" errors="0" timestamp="2024-07-03T18:29:55 IST" skipped="0">
  <testcase classname="ChromeStandAloneTest" name="chromeTest3" time="6.422"/>
  <testcase classname="ChromeStandAloneTest" name="chromeTest2" time="34.337"/>
  <testcase classname="ChromeStandAloneTest" name="chromeTest1" time="6.952"/>
</testsuite> <!-- ChromeStandAloneTest -->
